<?xml version="1.0" encoding="UTF-8"?>
<testsuite name="org.gradle.OperacionesBasicasTest" tests="1" skipped="0" failures="0" errors="0" timestamp="2018-10-30T19:17:24" hostname="pb0b0827866" time="0.002">
  <properties/>
  <testcase name="Ingreso3Y5Recibo8" classname="org.gradle.OperacionesBasicasTest" time="0.002"/>
  <system-out><![CDATA[]]></system-out>
  <system-err><![CDATA[]]></system-err>
</testsuite>
